{"/Users/ylabrahm/Projects/YTOSC/packages/core/src/outlierScore.ts": {"path":"/Users/ylabrahm/Projects/YTOSC/packages/core/src/outlierScore.ts","statementMap":{"0":{"start":{"line":5,"column":2},"end":{"line":7,"column":null}},"1":{"start":{"line":6,"column":4},"end":{"line":6,"column":null}},"2":{"start":{"line":9,"column":17},"end":{"line":9,"column":null}},"3":{"start":{"line":9,"column":45},"end":{"line":9,"column":50}},"4":{"start":{"line":10,"column":17},"end":{"line":10,"column":null}},"5":{"start":{"line":12,"column":2},"end":{"line":14,"column":null}},"6":{"start":{"line":13,"column":4},"end":{"line":13,"column":null}},"7":{"start":{"line":16,"column":2},"end":{"line":16,"column":null}},"8":{"start":{"line":21,"column":22},"end":{"line":21,"column":null}},"9":{"start":{"line":21,"column":43},"end":{"line":21,"column":92}},"10":{"start":{"line":22,"column":22},"end":{"line":22,"column":null}},"11":{"start":{"line":23,"column":29},"end":{"line":23,"column":null}},"12":{"start":{"line":23,"column":58},"end":{"line":23,"column":83}},"13":{"start":{"line":25,"column":2},"end":{"line":25,"column":null}},"14":{"start":{"line":25,"column":33},"end":{"line":25,"column":null}},"15":{"start":{"line":27,"column":27},"end":{"line":27,"column":null}},"16":{"start":{"line":28,"column":29},"end":{"line":28,"column":null}},"17":{"start":{"line":30,"column":2},"end":{"line":30,"column":null}},"18":{"start":{"line":30,"column":32},"end":{"line":30,"column":null}},"19":{"start":{"line":32,"column":28},"end":{"line":36,"column":null}},"20":{"start":{"line":38,"column":23},"end":{"line":38,"column":null}},"21":{"start":{"line":39,"column":22},"end":{"line":39,"column":null}},"22":{"start":{"line":41,"column":2},"end":{"line":41,"column":null}},"23":{"start":{"line":50,"column":27},"end":{"line":50,"column":null}},"24":{"start":{"line":51,"column":23},"end":{"line":51,"column":null}},"25":{"start":{"line":52,"column":22},"end":{"line":52,"column":null}},"26":{"start":{"line":54,"column":23},"end":{"line":54,"column":null}},"27":{"start":{"line":55,"column":20},"end":{"line":55,"column":null}},"28":{"start":{"line":56,"column":19},"end":{"line":56,"column":null}},"29":{"start":{"line":59,"column":2},"end":{"line":61,"column":null}},"30":{"start":{"line":60,"column":4},"end":{"line":60,"column":null}},"31":{"start":{"line":64,"column":2},"end":{"line":69,"column":null}},"32":{"start":{"line":65,"column":4},"end":{"line":68,"column":null}},"33":{"start":{"line":72,"column":2},"end":{"line":75,"column":null}},"34":{"start":{"line":83,"column":22},"end":{"line":83,"column":null}},"35":{"start":{"line":85,"column":2},"end":{"line":85,"column":null}},"36":{"start":{"line":85,"column":77},"end":{"line":85,"column":null}},"37":{"start":{"line":87,"column":20},"end":{"line":87,"column":null}},"38":{"start":{"line":88,"column":2},"end":{"line":88,"column":null}},"39":{"start":{"line":88,"column":30},"end":{"line":88,"column":null}},"40":{"start":{"line":90,"column":24},"end":{"line":90,"column":null}},"41":{"start":{"line":90,"column":45},"end":{"line":90,"column":56}},"42":{"start":{"line":90,"column":72},"end":{"line":90,"column":101}},"43":{"start":{"line":91,"column":17},"end":{"line":91,"column":null}},"44":{"start":{"line":93,"column":2},"end":{"line":93,"column":null}},"45":{"start":{"line":93,"column":20},"end":{"line":93,"column":null}},"46":{"start":{"line":94,"column":2},"end":{"line":94,"column":null}},"47":{"start":{"line":94,"column":35},"end":{"line":94,"column":null}},"48":{"start":{"line":96,"column":2},"end":{"line":96,"column":null}},"49":{"start":{"line":101,"column":2},"end":{"line":104,"column":null}},"50":{"start":{"line":101,"column":39},"end":{"line":104,"column":4}},"51":{"start":{"line":109,"column":21},"end":{"line":111,"column":null}},"52":{"start":{"line":110,"column":16},"end":{"line":110,"column":27}},"53":{"start":{"line":111,"column":19},"end":{"line":111,"column":57}},"54":{"start":{"line":112,"column":2},"end":{"line":112,"column":null}}},"fnMap":{"0":{"name":"calculateMedian","decl":{"start":{"line":4,"column":9},"end":{"line":4,"column":25}},"loc":{"start":{"line":4,"column":52},"end":{"line":17,"column":null}},"line":4},"1":{"name":"(anonymous_1)","decl":{"start":{"line":9,"column":35},"end":{"line":9,"column":36}},"loc":{"start":{"line":9,"column":45},"end":{"line":9,"column":50}},"line":9},"2":{"name":"getNeighboringVideos","decl":{"start":{"line":20,"column":9},"end":{"line":20,"column":30}},"loc":{"start":{"line":20,"column":85},"end":{"line":42,"column":null}},"line":20},"3":{"name":"(anonymous_3)","decl":{"start":{"line":21,"column":36},"end":{"line":21,"column":37}},"loc":{"start":{"line":21,"column":43},"end":{"line":21,"column":92}},"line":21},"4":{"name":"(anonymous_4)","decl":{"start":{"line":23,"column":51},"end":{"line":23,"column":52}},"loc":{"start":{"line":23,"column":58},"end":{"line":23,"column":83}},"line":23},"5":{"name":"calculateNeighborDistribution","decl":{"start":{"line":45,"column":9},"end":{"line":45,"column":null}},"loc":{"start":{"line":49,"column":37},"end":{"line":76,"column":null}},"line":49},"6":{"name":"calculateOutlierScore","decl":{"start":{"line":79,"column":16},"end":{"line":79,"column":null}},"loc":{"start":{"line":82,"column":17},"end":{"line":97,"column":null}},"line":82},"7":{"name":"(anonymous_7)","decl":{"start":{"line":90,"column":38},"end":{"line":90,"column":39}},"loc":{"start":{"line":90,"column":45},"end":{"line":90,"column":56}},"line":90},"8":{"name":"(anonymous_8)","decl":{"start":{"line":90,"column":65},"end":{"line":90,"column":66}},"loc":{"start":{"line":90,"column":72},"end":{"line":90,"column":101}},"line":90},"9":{"name":"calculateChannelOutlierScores","decl":{"start":{"line":100,"column":16},"end":{"line":100,"column":46}},"loc":{"start":{"line":100,"column":67},"end":{"line":105,"column":null}},"line":100},"10":{"name":"(anonymous_10)","decl":{"start":{"line":101,"column":20},"end":{"line":101,"column":21}},"loc":{"start":{"line":101,"column":39},"end":{"line":104,"column":4}},"line":101},"11":{"name":"getMedianViewCount","decl":{"start":{"line":108,"column":16},"end":{"line":108,"column":35}},"loc":{"start":{"line":108,"column":64},"end":{"line":113,"column":null}},"line":108},"12":{"name":"(anonymous_12)","decl":{"start":{"line":110,"column":9},"end":{"line":110,"column":10}},"loc":{"start":{"line":110,"column":16},"end":{"line":110,"column":27}},"line":110},"13":{"name":"(anonymous_13)","decl":{"start":{"line":111,"column":12},"end":{"line":111,"column":13}},"loc":{"start":{"line":111,"column":19},"end":{"line":111,"column":57}},"line":111}},"branchMap":{"0":{"loc":{"start":{"line":5,"column":2},"end":{"line":7,"column":null}},"type":"if","locations":[{"start":{"line":5,"column":2},"end":{"line":7,"column":null}},{"start":{},"end":{}}],"line":5},"1":{"loc":{"start":{"line":12,"column":2},"end":{"line":14,"column":null}},"type":"if","locations":[{"start":{"line":12,"column":2},"end":{"line":14,"column":null}},{"start":{},"end":{}}],"line":12},"2":{"loc":{"start":{"line":21,"column":43},"end":{"line":21,"column":92}},"type":"binary-expr","locations":[{"start":{"line":21,"column":43},"end":{"line":21,"column":67}},{"start":{"line":21,"column":67},"end":{"line":21,"column":92}}],"line":21},"3":{"loc":{"start":{"line":25,"column":2},"end":{"line":25,"column":null}},"type":"if","locations":[{"start":{"line":25,"column":2},"end":{"line":25,"column":null}},{"start":{},"end":{}}],"line":25},"4":{"loc":{"start":{"line":30,"column":2},"end":{"line":30,"column":null}},"type":"if","locations":[{"start":{"line":30,"column":2},"end":{"line":30,"column":null}},{"start":{},"end":{}}],"line":30},"5":{"loc":{"start":{"line":59,"column":2},"end":{"line":61,"column":null}},"type":"if","locations":[{"start":{"line":59,"column":2},"end":{"line":61,"column":null}},{"start":{},"end":{}}],"line":59},"6":{"loc":{"start":{"line":59,"column":6},"end":{"line":59,"column":60}},"type":"binary-expr","locations":[{"start":{"line":59,"column":6},"end":{"line":59,"column":35}},{"start":{"line":59,"column":35},"end":{"line":59,"column":60}}],"line":59},"7":{"loc":{"start":{"line":64,"column":2},"end":{"line":69,"column":null}},"type":"if","locations":[{"start":{"line":64,"column":2},"end":{"line":69,"column":null}},{"start":{},"end":{}}],"line":64},"8":{"loc":{"start":{"line":85,"column":2},"end":{"line":85,"column":null}},"type":"if","locations":[{"start":{"line":85,"column":2},"end":{"line":85,"column":null}},{"start":{},"end":{}}],"line":85},"9":{"loc":{"start":{"line":85,"column":6},"end":{"line":85,"column":77}},"type":"binary-expr","locations":[{"start":{"line":85,"column":6},"end":{"line":85,"column":40}},{"start":{"line":85,"column":40},"end":{"line":85,"column":77}}],"line":85},"10":{"loc":{"start":{"line":88,"column":2},"end":{"line":88,"column":null}},"type":"if","locations":[{"start":{"line":88,"column":2},"end":{"line":88,"column":null}},{"start":{},"end":{}}],"line":88},"11":{"loc":{"start":{"line":90,"column":72},"end":{"line":90,"column":101}},"type":"binary-expr","locations":[{"start":{"line":90,"column":72},"end":{"line":90,"column":86}},{"start":{"line":90,"column":86},"end":{"line":90,"column":101}}],"line":90},"12":{"loc":{"start":{"line":93,"column":2},"end":{"line":93,"column":null}},"type":"if","locations":[{"start":{"line":93,"column":2},"end":{"line":93,"column":null}},{"start":{},"end":{}}],"line":93},"13":{"loc":{"start":{"line":94,"column":2},"end":{"line":94,"column":null}},"type":"if","locations":[{"start":{"line":94,"column":2},"end":{"line":94,"column":null}},{"start":{},"end":{}}],"line":94},"14":{"loc":{"start":{"line":111,"column":19},"end":{"line":111,"column":57}},"type":"binary-expr","locations":[{"start":{"line":111,"column":19},"end":{"line":111,"column":33}},{"start":{"line":111,"column":33},"end":{"line":111,"column":52}},{"start":{"line":111,"column":52},"end":{"line":111,"column":57}}],"line":111}},"s":{"0":40,"1":0,"2":40,"3":320,"4":40,"5":40,"6":36,"7":4,"8":39,"9":440,"10":39,"11":39,"12":231,"13":39,"14":0,"15":39,"16":39,"17":39,"18":2,"19":37,"20":37,"21":37,"22":37,"23":37,"24":37,"25":37,"26":37,"27":37,"28":37,"29":37,"30":15,"31":22,"32":15,"33":7,"34":41,"35":41,"36":2,"37":39,"38":39,"39":2,"40":37,"41":325,"42":325,"43":37,"44":37,"45":1,"46":36,"47":1,"48":35,"49":2,"50":18,"51":3,"52":11,"53":11,"54":3},"f":{"0":40,"1":320,"2":39,"3":440,"4":231,"5":37,"6":41,"7":325,"8":325,"9":2,"10":18,"11":3,"12":11,"13":11},"b":{"0":[0,40],"1":[36,4],"2":[440,431],"3":[0,39],"4":[2,37],"5":[15,22],"6":[37,22],"7":[15,7],"8":[2,39],"9":[41,39],"10":[2,37],"11":[325,325],"12":[1,36],"13":[1,35],"14":[11,10,10]},"meta":{"lastBranch":15,"lastFunction":14,"lastStatement":55,"seen":{"f:4:9:4:25":0,"b:5:2:7:Infinity:undefined:undefined:undefined:undefined":0,"s:5:2:7:Infinity":0,"s:6:4:6:Infinity":1,"s:9:17:9:Infinity":2,"f:9:35:9:36":1,"s:9:45:9:50":3,"s:10:17:10:Infinity":4,"b:12:2:14:Infinity:undefined:undefined:undefined:undefined":1,"s:12:2:14:Infinity":5,"s:13:4:13:Infinity":6,"s:16:2:16:Infinity":7,"f:20:9:20:30":2,"s:21:22:21:Infinity":8,"f:21:36:21:37":3,"s:21:43:21:92":9,"b:21:43:21:67:21:67:21:92":2,"s:22:22:22:Infinity":10,"s:23:29:23:Infinity":11,"f:23:51:23:52":4,"s:23:58:23:83":12,"b:25:2:25:Infinity:undefined:undefined:undefined:undefined":3,"s:25:2:25:Infinity":13,"s:25:33:25:Infinity":14,"s:27:27:27:Infinity":15,"s:28:29:28:Infinity":16,"b:30:2:30:Infinity:undefined:undefined:undefined:undefined":4,"s:30:2:30:Infinity":17,"s:30:32:30:Infinity":18,"s:32:28:36:Infinity":19,"s:38:23:38:Infinity":20,"s:39:22:39:Infinity":21,"s:41:2:41:Infinity":22,"f:45:9:45:Infinity":5,"s:50:27:50:Infinity":23,"s:51:23:51:Infinity":24,"s:52:22:52:Infinity":25,"s:54:23:54:Infinity":26,"s:55:20:55:Infinity":27,"s:56:19:56:Infinity":28,"b:59:2:61:Infinity:undefined:undefined:undefined:undefined":5,"s:59:2:61:Infinity":29,"b:59:6:59:35:59:35:59:60":6,"s:60:4:60:Infinity":30,"b:64:2:69:Infinity:undefined:undefined:undefined:undefined":7,"s:64:2:69:Infinity":31,"s:65:4:68:Infinity":32,"s:72:2:75:Infinity":33,"f:79:16:79:Infinity":6,"s:83:22:83:Infinity":34,"b:85:2:85:Infinity:undefined:undefined:undefined:undefined":8,"s:85:2:85:Infinity":35,"b:85:6:85:40:85:40:85:77":9,"s:85:77:85:Infinity":36,"s:87:20:87:Infinity":37,"b:88:2:88:Infinity:undefined:undefined:undefined:undefined":10,"s:88:2:88:Infinity":38,"s:88:30:88:Infinity":39,"s:90:24:90:Infinity":40,"f:90:38:90:39":7,"s:90:45:90:56":41,"f:90:65:90:66":8,"s:90:72:90:101":42,"b:90:72:90:86:90:86:90:101":11,"s:91:17:91:Infinity":43,"b:93:2:93:Infinity:undefined:undefined:undefined:undefined":12,"s:93:2:93:Infinity":44,"s:93:20:93:Infinity":45,"b:94:2:94:Infinity:undefined:undefined:undefined:undefined":13,"s:94:2:94:Infinity":46,"s:94:35:94:Infinity":47,"s:96:2:96:Infinity":48,"f:100:16:100:46":9,"s:101:2:104:Infinity":49,"f:101:20:101:21":10,"s:101:39:104:4":50,"f:108:16:108:35":11,"s:109:21:111:Infinity":51,"f:110:9:110:10":12,"s:110:16:110:27":52,"f:111:12:111:13":13,"s:111:19:111:57":53,"b:111:19:111:33:111:33:111:52:111:52:111:57":14,"s:112:2:112:Infinity":54}}}
,"/Users/ylabrahm/Projects/YTOSC/packages/core/src/viewParser.ts": {"path":"/Users/ylabrahm/Projects/YTOSC/packages/core/src/viewParser.ts","statementMap":{"0":{"start":{"line":9,"column":2},"end":{"line":11,"column":null}},"1":{"start":{"line":10,"column":4},"end":{"line":10,"column":null}},"2":{"start":{"line":13,"column":19},"end":{"line":13,"column":null}},"3":{"start":{"line":16,"column":26},"end":{"line":23,"column":null}},"4":{"start":{"line":25,"column":2},"end":{"line":29,"column":null}},"5":{"start":{"line":26,"column":4},"end":{"line":28,"column":null}},"6":{"start":{"line":27,"column":6},"end":{"line":27,"column":null}},"7":{"start":{"line":35,"column":16},"end":{"line":44,"column":null}},"8":{"start":{"line":50,"column":2},"end":{"line":55,"column":null}},"9":{"start":{"line":51,"column":4},"end":{"line":51,"column":null}},"10":{"start":{"line":54,"column":4},"end":{"line":54,"column":null}},"11":{"start":{"line":60,"column":16},"end":{"line":60,"column":null}},"12":{"start":{"line":62,"column":2},"end":{"line":69,"column":null}},"13":{"start":{"line":64,"column":24},"end":{"line":64,"column":null}},"14":{"start":{"line":65,"column":4},"end":{"line":67,"column":null}},"15":{"start":{"line":66,"column":6},"end":{"line":66,"column":null}},"16":{"start":{"line":68,"column":4},"end":{"line":68,"column":null}},"17":{"start":{"line":71,"column":17},"end":{"line":71,"column":null}},"18":{"start":{"line":72,"column":17},"end":{"line":72,"column":null}},"19":{"start":{"line":74,"column":2},"end":{"line":76,"column":null}},"20":{"start":{"line":75,"column":4},"end":{"line":75,"column":null}},"21":{"start":{"line":78,"column":46},"end":{"line":88,"column":null}},"22":{"start":{"line":90,"column":21},"end":{"line":90,"column":null}},"23":{"start":{"line":92,"column":2},"end":{"line":92,"column":null}},"24":{"start":{"line":99,"column":2},"end":{"line":101,"column":null}},"25":{"start":{"line":100,"column":4},"end":{"line":100,"column":null}},"26":{"start":{"line":102,"column":2},"end":{"line":104,"column":null}},"27":{"start":{"line":103,"column":4},"end":{"line":103,"column":null}},"28":{"start":{"line":105,"column":2},"end":{"line":107,"column":null}},"29":{"start":{"line":106,"column":4},"end":{"line":106,"column":null}},"30":{"start":{"line":108,"column":2},"end":{"line":108,"column":null}}},"fnMap":{"0":{"name":"parseViewCount","decl":{"start":{"line":8,"column":16},"end":{"line":8,"column":31}},"loc":{"start":{"line":8,"column":66},"end":{"line":93,"column":null}},"line":8},"1":{"name":"formatViewCount","decl":{"start":{"line":98,"column":16},"end":{"line":98,"column":32}},"loc":{"start":{"line":98,"column":55},"end":{"line":109,"column":null}},"line":98}},"branchMap":{"0":{"loc":{"start":{"line":9,"column":2},"end":{"line":11,"column":null}},"type":"if","locations":[{"start":{"line":9,"column":2},"end":{"line":11,"column":null}},{"start":{},"end":{}}],"line":9},"1":{"loc":{"start":{"line":26,"column":4},"end":{"line":28,"column":null}},"type":"if","locations":[{"start":{"line":26,"column":4},"end":{"line":28,"column":null}},{"start":{},"end":{}}],"line":26},"2":{"loc":{"start":{"line":50,"column":2},"end":{"line":55,"column":null}},"type":"if","locations":[{"start":{"line":50,"column":2},"end":{"line":55,"column":null}},{"start":{"line":52,"column":9},"end":{"line":55,"column":null}}],"line":50},"3":{"loc":{"start":{"line":62,"column":2},"end":{"line":69,"column":null}},"type":"if","locations":[{"start":{"line":62,"column":2},"end":{"line":69,"column":null}},{"start":{},"end":{}}],"line":62},"4":{"loc":{"start":{"line":65,"column":4},"end":{"line":67,"column":null}},"type":"if","locations":[{"start":{"line":65,"column":4},"end":{"line":67,"column":null}},{"start":{},"end":{}}],"line":65},"5":{"loc":{"start":{"line":74,"column":2},"end":{"line":76,"column":null}},"type":"if","locations":[{"start":{"line":74,"column":2},"end":{"line":76,"column":null}},{"start":{},"end":{}}],"line":74},"6":{"loc":{"start":{"line":90,"column":21},"end":{"line":90,"column":null}},"type":"cond-expr","locations":[{"start":{"line":90,"column":30},"end":{"line":90,"column":57}},{"start":{"line":90,"column":57},"end":{"line":90,"column":null}}],"line":90},"7":{"loc":{"start":{"line":90,"column":30},"end":{"line":90,"column":57}},"type":"binary-expr","locations":[{"start":{"line":90,"column":30},"end":{"line":90,"column":53}},{"start":{"line":90,"column":53},"end":{"line":90,"column":57}}],"line":90},"8":{"loc":{"start":{"line":99,"column":2},"end":{"line":101,"column":null}},"type":"if","locations":[{"start":{"line":99,"column":2},"end":{"line":101,"column":null}},{"start":{},"end":{}}],"line":99},"9":{"loc":{"start":{"line":102,"column":2},"end":{"line":104,"column":null}},"type":"if","locations":[{"start":{"line":102,"column":2},"end":{"line":104,"column":null}},{"start":{},"end":{}}],"line":102},"10":{"loc":{"start":{"line":105,"column":2},"end":{"line":107,"column":null}},"type":"if","locations":[{"start":{"line":105,"column":2},"end":{"line":107,"column":null}},{"start":{},"end":{}}],"line":105}},"s":{"0":159,"1":2,"2":157,"3":157,"4":157,"5":854,"6":35,"7":122,"8":122,"9":17,"10":105,"11":122,"12":122,"13":2,"14":2,"15":0,"16":2,"17":120,"18":120,"19":159,"20":0,"21":120,"22":120,"23":159,"24":20,"25":4,"26":16,"27":6,"28":10,"29":7,"30":3},"f":{"0":159,"1":20},"b":{"0":[2,157],"1":[35,819],"2":[17,105],"3":[2,120],"4":[0,2],"5":[0,159],"6":[97,23],"7":[97,0],"8":[4,16],"9":[6,10],"10":[7,3]},"meta":{"lastBranch":11,"lastFunction":2,"lastStatement":31,"seen":{"f:8:16:8:31":0,"b:9:2:11:Infinity:undefined:undefined:undefined:undefined":0,"s:9:2:11:Infinity":0,"s:10:4:10:Infinity":1,"s:13:19:13:Infinity":2,"s:16:26:23:Infinity":3,"s:25:2:29:Infinity":4,"b:26:4:28:Infinity:undefined:undefined:undefined:undefined":1,"s:26:4:28:Infinity":5,"s:27:6:27:Infinity":6,"s:35:16:44:Infinity":7,"b:50:2:55:Infinity:52:9:55:Infinity":2,"s:50:2:55:Infinity":8,"s:51:4:51:Infinity":9,"s:54:4:54:Infinity":10,"s:60:16:60:Infinity":11,"b:62:2:69:Infinity:undefined:undefined:undefined:undefined":3,"s:62:2:69:Infinity":12,"s:64:24:64:Infinity":13,"b:65:4:67:Infinity:undefined:undefined:undefined:undefined":4,"s:65:4:67:Infinity":14,"s:66:6:66:Infinity":15,"s:68:4:68:Infinity":16,"s:71:17:71:Infinity":17,"s:72:17:72:Infinity":18,"b:74:2:76:Infinity:undefined:undefined:undefined:undefined":5,"s:74:2:76:Infinity":19,"s:75:4:75:Infinity":20,"s:78:46:88:Infinity":21,"s:90:21:90:Infinity":22,"b:90:30:90:57:90:57:90:Infinity":6,"b:90:30:90:53:90:53:90:57":7,"s:92:2:92:Infinity":23,"f:98:16:98:32":1,"b:99:2:101:Infinity:undefined:undefined:undefined:undefined":8,"s:99:2:101:Infinity":24,"s:100:4:100:Infinity":25,"b:102:2:104:Infinity:undefined:undefined:undefined:undefined":9,"s:102:2:104:Infinity":26,"s:103:4:103:Infinity":27,"b:105:2:107:Infinity:undefined:undefined:undefined:undefined":10,"s:105:2:107:Infinity":28,"s:106:4:106:Infinity":29,"s:108:2:108:Infinity":30}}}
}
